0 info it worked if it ends with ok
1 verbose cli [ 'C:\\Program Files (x86)\\nodejs\\\\node.exe',
1 verbose cli   'C:\\Program Files (x86)\\nodejs\\node_modules\\npm\\bin\\npm-cli.js',
1 verbose cli   'install',
1 verbose cli   'David-Mulder/whenever.js' ]
2 info using npm@2.5.1
3 info using node@v0.12.1
4 verbose node symlink C:\Program Files (x86)\nodejs\\node.exe
5 warn package.json gulp-minify-html@1.0.5 No repository field.
6 silly cache add args [ 'David-Mulder/whenever.js', null ]
7 verbose cache add spec David-Mulder/whenever.js
8 silly cache add parsed spec { raw: 'David-Mulder/whenever.js',
8 silly cache add   scope: null,
8 silly cache add   name: null,
8 silly cache add   rawSpec: 'David-Mulder/whenever.js',
8 silly cache add   spec: 'David-Mulder/whenever.js',
8 silly cache add   type: 'github' }
9 info maybeGithub Attempting David-Mulder/whenever.js from git://github.com/David-Mulder/whenever.js
10 verbose addRemoteGit u="git://github.com/David-Mulder/whenever.js" silent=true
11 silly addRemoteGit normalized { url: 'git://github.com/David-Mulder/whenever.js',
11 silly addRemoteGit   branch: 'master' }
12 silly addRemoteGit v git-github-com-David-Mulder-whenever-js-b4e6e70d
13 verbose addRemoteGit C:\Users\david_000\AppData\Roaming\npm-cache\_git-remotes\git-github-com-David-Mulder-whenever-js-b4e6e70d not in flight; cloning
14 info git [ 'clone',
14 info git   '--template=C:\\Users\\david_000\\AppData\\Roaming\\npm-cache\\_git-remotes\\_templates',
14 info git   '--mirror',
14 info git   'git://github.com/David-Mulder/whenever.js',
14 info git   'C:\\Users\\david_000\\AppData\\Roaming\\npm-cache\\_git-remotes\\git-github-com-David-Mulder-whenever-js-b4e6e70d' ]
15 verbose git clone git://github.com/David-Mulder/whenever.js Cloning into bare repository 'C:\Users\david_000\AppData\Roaming\npm-cache\_git-remotes\git-github-com-David-Mulder-whenever-js-b4e6e70d'...
16 info git [ 'fetch', '-a', 'origin' ]
17 verbose git fetch -a origin (git://github.com/David-Mulder/whenever.js)
18 silly verifyOwnership skipping for windows
19 info git [ 'rev-list', '-n1', 'master' ]
20 verbose git rev-list -n1 master d0a6efa2827627c67743eb0f248a981b69a0d68a
21 verbose resolved git url git://github.com/David-Mulder/whenever.js#d0a6efa2827627c67743eb0f248a981b69a0d68a
22 info git [ 'clone',
22 info git   'C:\\Users\\david_000\\AppData\\Roaming\\npm-cache\\_git-remotes\\git-github-com-David-Mulder-whenever-js-b4e6e70d',
22 info git   'C:\\Users\\DAVID_~1\\AppData\\Local\\Temp\\npm-20564-b9c0cb9e\\git-cache-a4dd9c3479c4\\d0a6efa2827627c67743eb0f248a981b69a0d68a' ]
23 verbose git clone from C:\Users\david_000\AppData\Roaming\npm-cache\_git-remotes\git-github-com-David-Mulder-whenever-js-b4e6e70d
24 verbose git clone Cloning into 'C:\Users\DAVID_~1\AppData\Local\Temp\npm-20564-b9c0cb9e\git-cache-a4dd9c3479c4\d0a6efa2827627c67743eb0f248a981b69a0d68a'...
24 verbose git clone done.
25 info git [ 'checkout', 'd0a6efa2827627c67743eb0f248a981b69a0d68a' ]
26 verbose git checkout Note: checking out 'd0a6efa2827627c67743eb0f248a981b69a0d68a'.
26 verbose git checkout
26 verbose git checkout You are in 'detached HEAD' state. You can look around, make experimental
26 verbose git checkout changes and commit them, and you can discard any commits you make in this
26 verbose git checkout state without impacting any branches by performing another checkout.
26 verbose git checkout
26 verbose git checkout If you want to create a new branch to retain commits you create, you may
26 verbose git checkout do so (now or later) by using -b with the checkout command again. Example:
26 verbose git checkout
26 verbose git checkout   git checkout -b <new-branch-name>
26 verbose git checkout
26 verbose git checkout HEAD is now at d0a6efa... Add state object and improve memory usage
27 error addLocal Could not install C:\Users\DAVID_~1\AppData\Local\Temp\npm-20564-b9c0cb9e\git-cache-a4dd9c3479c4\d0a6efa2827627c67743eb0f248a981b69a0d68a
28 info maybeGithub Attempting David-Mulder/whenever.js from git+ssh://git@github.com:David-Mulder/whenever.js
29 verbose addRemoteGit u="git+ssh://git@github.com:David-Mulder/whenever.js" silent=false
30 silly addRemoteGit normalized { url: 'ssh://git@github.com/David-Mulder/whenever.js',
30 silly addRemoteGit   branch: 'master' }
31 silly addRemoteGit v ssh-git-github-com-David-Mulder-whenever-js-f2cb756d
32 verbose addRemoteGit C:\Users\david_000\AppData\Roaming\npm-cache\_git-remotes\ssh-git-github-com-David-Mulder-whenever-js-f2cb756d not in flight; cloning
33 info git [ 'clone',
33 info git   '--template=C:\\Users\\david_000\\AppData\\Roaming\\npm-cache\\_git-remotes\\_templates',
33 info git   '--mirror',
33 info git   'ssh://git@github.com/David-Mulder/whenever.js',
33 info git   'C:\\Users\\david_000\\AppData\\Roaming\\npm-cache\\_git-remotes\\ssh-git-github-com-David-Mulder-whenever-js-f2cb756d' ]
34 error git clone ssh://git@github.com/David-Mulder/whenever.js Cloning into bare repository 'C:\Users\david_000\AppData\Roaming\npm-cache\_git-remotes\ssh-git-github-com-David-Mulder-whenever-js-f2cb756d'...
34 error git clone ssh://git@github.com/David-Mulder/whenever.js Permission denied (publickey).
34 error git clone ssh://git@github.com/David-Mulder/whenever.js fatal: Could not read from remote repository.
34 error git clone ssh://git@github.com/David-Mulder/whenever.js
34 error git clone ssh://git@github.com/David-Mulder/whenever.js Please make sure you have the correct access rights
34 error git clone ssh://git@github.com/David-Mulder/whenever.js and the repository exists.
35 verbose stack Error: Command failed: git -c core.longpaths=true clone --template=C:\Users\david_000\AppData\Roaming\npm-cache\_git-remotes\_templates --mirror ssh://git@github.com/David-Mulder/whenever.js C:\Users\david_000\AppData\Roaming\npm-cache\_git-remotes\ssh-git-github-com-David-Mulder-whenever-js-f2cb756d
35 verbose stack Cloning into bare repository 'C:\Users\david_000\AppData\Roaming\npm-cache\_git-remotes\ssh-git-github-com-David-Mulder-whenever-js-f2cb756d'...
35 verbose stack Permission denied (publickey).
35 verbose stack fatal: Could not read from remote repository.
35 verbose stack
35 verbose stack Please make sure you have the correct access rights
35 verbose stack and the repository exists.
35 verbose stack
35 verbose stack     at ChildProcess.exithandler (child_process.js:744:12)
35 verbose stack     at ChildProcess.emit (events.js:110:17)
35 verbose stack     at maybeClose (child_process.js:1008:16)
35 verbose stack     at Process.ChildProcess._handle.onexit (child_process.js:1080:5)
36 verbose cwd C:\Users\david_000\Desktop\work\bible-app-2
37 error Windows_NT 6.3.9600
38 error argv "C:\\Program Files (x86)\\nodejs\\\\node.exe" "C:\\Program Files (x86)\\nodejs\\node_modules\\npm\\bin\\npm-cli.js" "install" "David-Mulder/whenever.js"
39 error node v0.12.1
40 error npm  v2.5.1
41 error code 128
42 error Command failed: git -c core.longpaths=true clone --template=C:\Users\david_000\AppData\Roaming\npm-cache\_git-remotes\_templates --mirror ssh://git@github.com/David-Mulder/whenever.js C:\Users\david_000\AppData\Roaming\npm-cache\_git-remotes\ssh-git-github-com-David-Mulder-whenever-js-f2cb756d
42 error Cloning into bare repository 'C:\Users\david_000\AppData\Roaming\npm-cache\_git-remotes\ssh-git-github-com-David-Mulder-whenever-js-f2cb756d'...
42 error Permission denied (publickey).
42 error fatal: Could not read from remote repository.
42 error
42 error Please make sure you have the correct access rights
42 error and the repository exists.
43 error If you need help, you may report this error at:
43 error     <http://github.com/npm/npm/issues>
44 verbose exit [ 1, true ]
